INFO: libFuzzer ignores flags that start with '--'
INFO: Running with entropic power schedule (0xFF, 100).
INFO: Seed: 1911094049
MERGE-OUTER: 244 files, 0 in the initial corpus, 0 processed earlier
MERGE-OUTER: attempt 1
INFO: libFuzzer ignores flags that start with '--'
INFO: Running with entropic power schedule (0xFF, 100).
INFO: Seed: 1762555301
INFO: -max_len is not provided; libFuzzer will not generate inputs larger than 1048576 bytes
MERGE-INNER: using the control file '/tmp/libFuzzerTemp.Merge72.txt'
MERGE-INNER: 244 total files; 0 processed earlier; will process 244 files now
#1	pulse  exec/s: 0 rss: 72Mb
#2	pulse  exec/s: 0 rss: 84Mb
#4	pulse  exec/s: 0 rss: 84Mb
#8	pulse  exec/s: 0 rss: 84Mb
#16	pulse  exec/s: 0 rss: 87Mb
#32	pulse  exec/s: 0 rss: 89Mb
#64	pulse  exec/s: 0 rss: 100Mb
#128	pulse  exec/s: 0 rss: 112Mb
#244	DONE   exec/s: 244 rss: 200Mb
MERGE-OUTER: succesfull in 1 attempt(s)
MERGE-OUTER: the control file has 28353 bytes
MERGE-OUTER: consumed 0Mb (77Mb rss) to parse the control file
MERGE-OUTER: 0 new files with 0 new features added; 0 new coverage edges
